[35m[1mScanning dependencies of target ur5_scan_path_service[0m
[ 50%] Built target servo_keyboard_input
[ 75%] [32mBuilding CXX object CMakeFiles/ur5_scan_path_service.dir/src/ur5_scan_path_service.cpp.o[0m
[01m[K/home/ros_ws/src/wp4_plate_measurement_demonstrator/src/ur5_scan_path_service/src/ur5_scan_path_service.cpp:[m[K In member function â€˜[01m[Kbool MotionPlanner::move_to_scan_start()[m[Kâ€™:
[01m[K/home/ros_ws/src/wp4_plate_measurement_demonstrator/src/ur5_scan_path_service/src/ur5_scan_path_service.cpp:81:33:[m[K [01;31m[Kerror: [m[Kâ€˜[01m[Kclass moveit::planning_interface::MoveGroupInterface[m[Kâ€™ has no member named â€˜[01m[KsetTargetPose[m[Kâ€™
   81 |           move_group_interface_.[01;31m[KsetTargetPose[m[K(start_pose_); //TODO
      |                                 [01;31m[K^~~~~~~~~~~~~[m[K
make[2]: *** [CMakeFiles/ur5_scan_path_service.dir/build.make:63: CMakeFiles/ur5_scan_path_service.dir/src/ur5_scan_path_service.cpp.o] Error 1
make[1]: *** [CMakeFiles/Makefile2:107: CMakeFiles/ur5_scan_path_service.dir/all] Error 2
make: *** [Makefile:141: all] Error 2
