[0.018s] Invoking command in '/home/ros_ws/src/wp4_plate_measurement_demonstrator/build/ur5_scan_path_service': CMAKE_PREFIX_PATH=${CMAKE_PREFIX_PATH}:/opt/ros/foxy /usr/bin/cmake --build /home/ros_ws/src/wp4_plate_measurement_demonstrator/build/ur5_scan_path_service -- -j12 -l12
[0.057s] [35m[1mScanning dependencies of target ur5_scan_path_service[0m
[0.068s] [ 50%] Built target servo_keyboard_input
[0.117s] [ 75%] [32mBuilding CXX object CMakeFiles/ur5_scan_path_service.dir/src/ur5_scan_path_service.cpp.o[0m
[4.676s] [01m[K/home/ros_ws/src/wp4_plate_measurement_demonstrator/src/ur5_scan_path_service/src/ur5_scan_path_service.cpp:[m[K In function â€˜[01m[Kint main(int, char**)[m[Kâ€™:
[4.677s] [01m[K/home/ros_ws/src/wp4_plate_measurement_demonstrator/src/ur5_scan_path_service/src/ur5_scan_path_service.cpp:217:9:[m[K [01;31m[Kerror: [m[Kexpected primary-expression before â€˜[01m[K.[m[Kâ€™ token
[4.677s]   217 |   rclcpp[01;31m[K.[m[Kspin(motionPlanner);
[4.677s]       |         [01;31m[K^[m[K
[7.961s] make[2]: *** [CMakeFiles/ur5_scan_path_service.dir/build.make:63: CMakeFiles/ur5_scan_path_service.dir/src/ur5_scan_path_service.cpp.o] Error 1
[7.961s] make[1]: *** [CMakeFiles/Makefile2:107: CMakeFiles/ur5_scan_path_service.dir/all] Error 2
[7.961s] make: *** [Makefile:141: all] Error 2
[7.963s] Invoked command in '/home/ros_ws/src/wp4_plate_measurement_demonstrator/build/ur5_scan_path_service' returned '2': CMAKE_PREFIX_PATH=${CMAKE_PREFIX_PATH}:/opt/ros/foxy /usr/bin/cmake --build /home/ros_ws/src/wp4_plate_measurement_demonstrator/build/ur5_scan_path_service -- -j12 -l12
