[01m[K/home/ros_ws/src/wp4_plate_measurement_demonstrator/src/ur5_scan_path_service/src/ur5_scan_path_service.cpp:[m[K In member function â€˜[01m[Kbool MotionPlanner::execute_scanning_path()[m[Kâ€™:
[01m[K/home/ros_ws/src/wp4_plate_measurement_demonstrator/src/ur5_scan_path_service/src/ur5_scan_path_service.cpp:122:3:[m[K [01;31m[Kerror: [m[Kâ€˜[01m[Ksuccess[m[Kâ€™ was not declared in this scope; did you mean â€˜[01m[Kboost::system::errc::success[m[Kâ€™?
  122 |   [01;31m[Ksuccess[m[K = true;
      |   [01;31m[K^~~~~~~[m[K
      |   [32m[Kboost::system::errc::success[m[K
In file included from [01m[K/usr/include/boost/system/system_error.hpp:11[m[K,
                 from [01m[K/usr/include/boost/thread/exceptions.hpp:22[m[K,
                 from [01m[K/usr/include/boost/thread/lock_types.hpp:12[m[K,
                 from [01m[K/usr/include/boost/thread/lock_algorithms.hpp:11[m[K,
                 from [01m[K/usr/include/boost/thread/locks.hpp:10[m[K,
                 from [01m[K/opt/ros/foxy/include/moveit/occupancy_map_monitor/occupancy_map.h:40[m[K,
                 from [01m[K/opt/ros/foxy/include/moveit/occupancy_map_monitor/occupancy_map_monitor.h:47[m[K,
                 from [01m[K/opt/ros/foxy/include/moveit/planning_scene_monitor/planning_scene_monitor.h:45[m[K,
                 from [01m[K/opt/ros/foxy/include/moveit_servo/collision_check.h:46[m[K,
                 from [01m[K/opt/ros/foxy/include/moveit_servo/servo.h:45[m[K,
                 from [01m[K/home/ros_ws/src/wp4_plate_measurement_demonstrator/src/ur5_scan_path_service/src/ur5_scan_path_service.cpp:5[m[K:
[01m[K/usr/include/boost/system/error_code.hpp:62:5:[m[K [01;36m[Knote: [m[Kâ€˜[01m[Kboost::system::errc::success[m[Kâ€™ declared here
   62 |     [01;36m[Ksuccess[m[K = 0,
      |     [01;36m[K^~~~~~~[m[K
make[2]: *** [CMakeFiles/ur5_scan_path_service.dir/build.make:63: CMakeFiles/ur5_scan_path_service.dir/src/ur5_scan_path_service.cpp.o] Error 1
make[1]: *** [CMakeFiles/Makefile2:107: CMakeFiles/ur5_scan_path_service.dir/all] Error 2
make: *** [Makefile:141: all] Error 2
