[0.027s] Invoking command in '/home/ros_ws/src/wp4_plate_measurement_demonstrator/build/ur5_scan_path_service': CMAKE_PREFIX_PATH=${CMAKE_PREFIX_PATH}:/opt/ros/foxy /usr/bin/cmake --build /home/ros_ws/src/wp4_plate_measurement_demonstrator/build/ur5_scan_path_service -- -j12 -l12
[0.061s] [35m[1mScanning dependencies of target servo_keyboard_input[0m
[0.069s] [ 25%] [32mBuilding CXX object CMakeFiles/servo_keyboard_input.dir/src/servo_keyboard_input.cpp.o[0m
[0.075s] [01m[K/home/ros_ws/src/wp4_plate_measurement_demonstrator/src/ur5_scan_path_service/src/servo_keyboard_input.cpp:41:10:[m[K [01;31m[Kfatal error: [m[Krclcpp/rclcpp.hpp: No such file or directory
[0.075s]    41 | #include [01;31m[K"rclcpp/rclcpp.hpp"[m[K
[0.075s]       |          [01;31m[K^~~~~~~~~~~~~~~~~~~[m[K
[0.075s] compilation terminated.
[0.075s] make[2]: *** [CMakeFiles/servo_keyboard_input.dir/build.make:63: CMakeFiles/servo_keyboard_input.dir/src/servo_keyboard_input.cpp.o] Error 1
[0.075s] make[1]: *** [CMakeFiles/Makefile2:80: CMakeFiles/servo_keyboard_input.dir/all] Error 2
[0.076s] make[1]: *** Waiting for unfinished jobs....
[0.092s] [ 75%] Built target ur5_scan_path_service
[0.094s] make: *** [Makefile:141: all] Error 2
[0.095s] Invoked command in '/home/ros_ws/src/wp4_plate_measurement_demonstrator/build/ur5_scan_path_service' returned '2': CMAKE_PREFIX_PATH=${CMAKE_PREFIX_PATH}:/opt/ros/foxy /usr/bin/cmake --build /home/ros_ws/src/wp4_plate_measurement_demonstrator/build/ur5_scan_path_service -- -j12 -l12
