[0.028s] Invoking command in '/home/ros_ws/src/wp4_plate_measurement_demonstrator/build/ur5_scan_path_service': CMAKE_PREFIX_PATH=${CMAKE_PREFIX_PATH}:/opt/ros/foxy /usr/bin/cmake --build /home/ros_ws/src/wp4_plate_measurement_demonstrator/build/ur5_scan_path_service -- -j12 -l12
[0.069s] [35m[1mScanning dependencies of target ur5_scan_path_service[0m
[0.080s] [ 50%] Built target servo_keyboard_input
[0.128s] [ 75%] [32mBuilding CXX object CMakeFiles/ur5_scan_path_service.dir/src/ur5_scan_path_service.cpp.o[0m
[4.780s] [01m[K/home/ros_ws/src/wp4_plate_measurement_demonstrator/src/ur5_scan_path_service/src/ur5_scan_path_service.cpp:[m[K In member function â€˜[01m[Kbool MotionPlanner::execute_scanning_path()[m[Kâ€™:
[4.780s] [01m[K/home/ros_ws/src/wp4_plate_measurement_demonstrator/src/ur5_scan_path_service/src/ur5_scan_path_service.cpp:130:23:[m[K [01;31m[Kerror: [m[Kâ€˜[01m[Kclass std::shared_ptr<moveit::core::RobotState>[m[Kâ€™ has no member named â€˜[01m[KsetJointPositions[m[Kâ€™
[4.780s]   130 |           robot_state.[01;31m[KsetJointPositions[m[K({{"elbow_joint", -1.5707},
[4.781s]       |                       [01;31m[K^~~~~~~~~~~~~~~~~[m[K
[4.781s] [01m[K/home/ros_ws/src/wp4_plate_measurement_demonstrator/src/ur5_scan_path_service/src/ur5_scan_path_service.cpp:137:68:[m[K [01;31m[Kerror: [m[Kâ€˜[01m[Kmove_group_interface[m[Kâ€™ was not declared in this scope; did you mean â€˜[01m[Kmove_group_interface_[m[Kâ€™?
[4.781s]   137 |           auto end_effector_state = robot_state->getFrameTransform([01;31m[Kmove_group_interface[m[K->getEndEffectorLink());
[4.781s]       |                                                                    [01;31m[K^~~~~~~~~~~~~~~~~~~~[m[K
[4.781s]       |                                                                    [32m[Kmove_group_interface_[m[K
[4.781s] [01m[K/home/ros_ws/src/wp4_plate_measurement_demonstrator/src/ur5_scan_path_service/src/ur5_scan_path_service.cpp:138:26:[m[K [01;31m[Kerror: [m[Kâ€˜[01m[KPose[m[Kâ€™ is not a member of â€˜[01m[Kgeometry_msgs[m[Kâ€™
[4.781s]   138 |           geometry_msgs::[01;31m[KPose[m[K planned_eef_pose;
[4.781s]       |                          [01;31m[K^~~~[m[K
[4.781s] [01m[K/home/ros_ws/src/wp4_plate_measurement_demonstrator/src/ur5_scan_path_service/src/ur5_scan_path_service.cpp:138:26:[m[K [01;36m[Knote: [m[Ksuggested alternatives:
[4.781s] In file included from [01m[K/opt/ros/foxy/include/urdf_model/joint.h:43[m[K,
[4.781s]                  from [01m[K/opt/ros/foxy/include/urdf_model/link.h:44[m[K,
[4.781s]                  from [01m[K/opt/ros/foxy/include/urdf_model/model.h:42[m[K,
[4.782s]                  from [01m[K/opt/ros/foxy/include/urdf/model.h:43[m[K,
[4.782s]                  from [01m[K/opt/ros/foxy/include/srdfdom/model.h:44[m[K,
[4.782s]                  from [01m[K/opt/ros/foxy/include/moveit/robot_model/robot_model.h:42[m[K,
[4.782s]                  from [01m[K/opt/ros/foxy/include/moveit/robot_state/robot_state.h:40[m[K,
[4.782s]                  from [01m[K/opt/ros/foxy/include/moveit/move_group_interface/move_group_interface.h:41[m[K,
[4.782s]                  from [01m[K/home/ros_ws/src/wp4_plate_measurement_demonstrator/src/ur5_scan_path_service/src/ur5_scan_path_service.cpp:5[m[K:
[4.782s] [01m[K/opt/ros/foxy/include/urdf_model/pose.h:243:7:[m[K [01;36m[Knote: [m[K  â€˜[01m[Kurdf::Pose[m[Kâ€™
[4.782s]   243 | class [01;36m[KPose[m[K
[4.782s]       |       [01;36m[K^~~~[m[K
[4.782s] In file included from [01m[K/opt/ros/foxy/include/geometry_msgs/msg/pose.hpp:7[m[K,
[4.782s]                  from [01m[K/home/ros_ws/src/wp4_plate_measurement_demonstrator/src/ur5_scan_path_service/src/ur5_scan_path_service.cpp:4[m[K:
[4.782s] [01m[K/opt/ros/foxy/include/geometry_msgs/msg/detail/pose__struct.hpp:134:7:[m[K [01;36m[Knote: [m[K  â€˜[01m[Kgeometry_msgs::msg::Pose[m[Kâ€™
[4.783s]   134 | using [01;36m[KPose[m[K =
[4.783s]       |       [01;36m[K^~~~[m[K
[4.783s] [01m[K/home/ros_ws/src/wp4_plate_measurement_demonstrator/src/ur5_scan_path_service/src/ur5_scan_path_service.cpp:139:20:[m[K [01;31m[Kerror: [m[Kâ€˜[01m[KposeEigenToMsg[m[Kâ€™ is not a member of â€˜[01m[Ktf2_ros[m[Kâ€™
[4.783s]   139 |           tf2_ros::[01;31m[KposeEigenToMsg[m[K(end_effector_state, planned_eef_pose);//pose conversion from Eigen to pose msgs
[4.783s]       |                    [01;31m[K^~~~~~~~~~~~~~[m[K
[4.783s] [01m[K/home/ros_ws/src/wp4_plate_measurement_demonstrator/src/ur5_scan_path_service/src/ur5_scan_path_service.cpp:139:55:[m[K [01;31m[Kerror: [m[Kâ€˜[01m[Kplanned_eef_pose[m[Kâ€™ was not declared in this scope
[4.783s]   139 |           tf2_ros::poseEigenToMsg(end_effector_state, [01;31m[Kplanned_eef_pose[m[K);//pose conversion from Eigen to pose msgs
[4.783s]       |                                                       [01;31m[K^~~~~~~~~~~~~~~~[m[K
[8.099s] make[2]: *** [CMakeFiles/ur5_scan_path_service.dir/build.make:63: CMakeFiles/ur5_scan_path_service.dir/src/ur5_scan_path_service.cpp.o] Error 1
[8.100s] make[1]: *** [CMakeFiles/Makefile2:107: CMakeFiles/ur5_scan_path_service.dir/all] Error 2
[8.100s] make: *** [Makefile:141: all] Error 2
[8.102s] Invoked command in '/home/ros_ws/src/wp4_plate_measurement_demonstrator/build/ur5_scan_path_service' returned '2': CMAKE_PREFIX_PATH=${CMAKE_PREFIX_PATH}:/opt/ros/foxy /usr/bin/cmake --build /home/ros_ws/src/wp4_plate_measurement_demonstrator/build/ur5_scan_path_service -- -j12 -l12
