[01m[K/home/ros_ws/src/wp4_plate_measurement_demonstrator/src/ur5_scan_path_service/src/ur5_scan_path_service.cpp:[m[K In member function â€˜[01m[Kbool MotionPlanner::execute_scanning_path()[m[Kâ€™:
[01m[K/home/ros_ws/src/wp4_plate_measurement_demonstrator/src/ur5_scan_path_service/src/ur5_scan_path_service.cpp:137:16:[m[K [01;31m[Kerror: [m[Kâ€˜[01m[Kstruct geometry_msgs::msg::PoseStamped_<std::allocator<void> >[m[Kâ€™ has no member named â€˜[01m[Kposition[m[Kâ€™
  137 |           pose.[01;31m[Kposition[m[K.x += scan_path_length_;
      |                [01;31m[K^~~~~~~~[m[K
[01m[K/home/ros_ws/src/wp4_plate_measurement_demonstrator/src/ur5_scan_path_service/src/ur5_scan_path_service.cpp:149:111:[m[K [01;31m[Kerror: [m[Kno matching function for call to â€˜[01m[Kmoveit::planning_interface::MoveGroupInterface::computeCartesianPath(<brace-enclosed initializer list>, const double&, const double&, moveit_msgs::msg::RobotTrajectory&)[m[Kâ€™
  149 |           double val = move_group_interface_.computeCartesianPath({pose}, eef_step, jump_threshold, trajectory[01;31m[K)[m[K;
      |                                                                                                               [01;31m[K^[m[K
In file included from [01m[K/home/ros_ws/src/wp4_plate_measurement_demonstrator/src/ur5_scan_path_service/src/ur5_scan_path_service.cpp:4[m[K:
[01m[K/opt/ros/foxy/include/moveit/move_group_interface/move_group_interface.h:764:10:[m[K [01;36m[Knote: [m[Kcandidate: â€˜[01m[Kdouble moveit::planning_interface::MoveGroupInterface::computeCartesianPath(const std::vector<geometry_msgs::msg::Pose_<std::allocator<void> > >&, double, double, moveit_msgs::msg::RobotTrajectory&, bool, moveit_msgs::msg::MoveItErrorCodes*)[m[Kâ€™
  764 |   double [01;36m[KcomputeCartesianPath[m[K(const std::vector<geometry_msgs::msg::Pose>& waypoints, double eef_step,
      |          [01;36m[K^~~~~~~~~~~~~~~~~~~~[m[K
[01m[K/opt/ros/foxy/include/moveit/move_group_interface/move_group_interface.h:764:76:[m[K [01;36m[Knote: [m[K  no known conversion for argument 1 from â€˜[01m[K<brace-enclosed initializer list>[m[Kâ€™ to â€˜[01m[Kconst std::vector<geometry_msgs::msg::Pose_<std::allocator<void> > >&[m[Kâ€™
  764 |   double computeCartesianPath([01;36m[Kconst std::vector<geometry_msgs::msg::Pose>& waypoints[m[K, double eef_step,
      |                               [01;36m[K~~~~~~~~~~~~~~~~~~~~~~~~~~~~~~~~~~~~~~~~~~~~~^~~~~~~~~[m[K
[01m[K/opt/ros/foxy/include/moveit/move_group_interface/move_group_interface.h:780:10:[m[K [01;36m[Knote: [m[Kcandidate: â€˜[01m[Kdouble moveit::planning_interface::MoveGroupInterface::computeCartesianPath(const std::vector<geometry_msgs::msg::Pose_<std::allocator<void> > >&, double, double, moveit_msgs::msg::RobotTrajectory&, const Constraints&, bool, moveit_msgs::msg::MoveItErrorCodes*)[m[Kâ€™
  780 |   double [01;36m[KcomputeCartesianPath[m[K(const std::vector<geometry_msgs::msg::Pose>& waypoints, double eef_step,
      |          [01;36m[K^~~~~~~~~~~~~~~~~~~~[m[K
[01m[K/opt/ros/foxy/include/moveit/move_group_interface/move_group_interface.h:780:10:[m[K [01;36m[Knote: [m[K  candidate expects 7 arguments, 4 provided
[01m[K/home/ros_ws/src/wp4_plate_measurement_demonstrator/src/ur5_scan_path_service/src/ur5_scan_path_service.cpp:151:16:[m[K [01;35m[Kwarning: [m[Kunused variable â€˜[01m[Ksuccess[m[Kâ€™ [[01;35m[K-Wunused-variable[m[K]
  151 |           bool [01;35m[Ksuccess[m[K = (move_group_interface_.execute(trajectory) == moveit::planning_interface::MoveItErrorCode::SUCCESS);
      |                [01;35m[K^~~~~~~[m[K
make[2]: *** [CMakeFiles/ur5_scan_path_service.dir/build.make:63: CMakeFiles/ur5_scan_path_service.dir/src/ur5_scan_path_service.cpp.o] Error 1
make[1]: *** [CMakeFiles/Makefile2:107: CMakeFiles/ur5_scan_path_service.dir/all] Error 2
make: *** [Makefile:141: all] Error 2
