[35m[1mScanning dependencies of target ur5_scan_path_service[0m
[ 50%] Built target servo_keyboard_input
[ 75%] [32mBuilding CXX object CMakeFiles/ur5_scan_path_service.dir/src/ur5_scan_path_service.cpp.o[0m
[01m[K/home/ros_ws/src/wp4_plate_measurement_demonstrator/src/ur5_scan_path_service/src/ur5_scan_path_service.cpp:[m[K In member function â€˜[01m[Kbool MotionPlanner::execute_scanning_path()[m[Kâ€™:
[01m[K/home/ros_ws/src/wp4_plate_measurement_demonstrator/src/ur5_scan_path_service/src/ur5_scan_path_service.cpp:129:23:[m[K [01;31m[Kerror: [m[Kâ€˜[01m[Kclass std::shared_ptr<moveit::core::RobotState>[m[Kâ€™ has no member named â€˜[01m[KsetJointPositions[m[Kâ€™
  129 |           robot_state.[01;31m[KsetJointPositions[m[K({{"elbow_joint", -1.5707},
      |                       [01;31m[K^~~~~~~~~~~~~~~~~[m[K
[01m[K/home/ros_ws/src/wp4_plate_measurement_demonstrator/src/ur5_scan_path_service/src/ur5_scan_path_service.cpp:136:68:[m[K [01;31m[Kerror: [m[Kâ€˜[01m[Kmove_group_interface[m[Kâ€™ was not declared in this scope; did you mean â€˜[01m[Kmove_group_interface_[m[Kâ€™?
  136 |           auto end_effector_state = robot_state->getFrameTransform([01;31m[Kmove_group_interface[m[K->getEndEffectorLink());
      |                                                                    [01;31m[K^~~~~~~~~~~~~~~~~~~~[m[K
      |                                                                    [32m[Kmove_group_interface_[m[K
[01m[K/home/ros_ws/src/wp4_plate_measurement_demonstrator/src/ur5_scan_path_service/src/ur5_scan_path_service.cpp:137:26:[m[K [01;31m[Kerror: [m[Kâ€˜[01m[KPose[m[Kâ€™ is not a member of â€˜[01m[Kgeometry_msgs[m[Kâ€™
  137 |           geometry_msgs::[01;31m[KPose[m[K planned_eef_pose;
      |                          [01;31m[K^~~~[m[K
[01m[K/home/ros_ws/src/wp4_plate_measurement_demonstrator/src/ur5_scan_path_service/src/ur5_scan_path_service.cpp:137:26:[m[K [01;36m[Knote: [m[Ksuggested alternatives:
In file included from [01m[K/opt/ros/foxy/include/urdf_model/joint.h:43[m[K,
                 from [01m[K/opt/ros/foxy/include/urdf_model/link.h:44[m[K,
                 from [01m[K/opt/ros/foxy/include/urdf_model/model.h:42[m[K,
                 from [01m[K/opt/ros/foxy/include/urdf/model.h:43[m[K,
                 from [01m[K/opt/ros/foxy/include/srdfdom/model.h:44[m[K,
                 from [01m[K/opt/ros/foxy/include/moveit/robot_model/robot_model.h:42[m[K,
                 from [01m[K/opt/ros/foxy/include/moveit/robot_state/robot_state.h:40[m[K,
                 from [01m[K/opt/ros/foxy/include/moveit/move_group_interface/move_group_interface.h:41[m[K,
                 from [01m[K/home/ros_ws/src/wp4_plate_measurement_demonstrator/src/ur5_scan_path_service/src/ur5_scan_path_service.cpp:4[m[K:
[01m[K/opt/ros/foxy/include/urdf_model/pose.h:243:7:[m[K [01;36m[Knote: [m[K  â€˜[01m[Kurdf::Pose[m[Kâ€™
  243 | class [01;36m[KPose[m[K
      |       [01;36m[K^~~~[m[K
In file included from [01m[K/opt/ros/foxy/include/geometry_msgs/msg/pose.hpp:7[m[K,
                 from [01m[K/opt/ros/foxy/include/moveit/kinematics_base/kinematics_base.h:39[m[K,
                 from [01m[K/opt/ros/foxy/include/moveit/robot_model/joint_model_group.h:42[m[K,
                 from [01m[K/opt/ros/foxy/include/moveit/robot_model/robot_model.h:45[m[K,
                 from [01m[K/opt/ros/foxy/include/moveit/robot_state/robot_state.h:40[m[K,
                 from [01m[K/opt/ros/foxy/include/moveit/move_group_interface/move_group_interface.h:41[m[K,
                 from [01m[K/home/ros_ws/src/wp4_plate_measurement_demonstrator/src/ur5_scan_path_service/src/ur5_scan_path_service.cpp:4[m[K:
[01m[K/opt/ros/foxy/include/geometry_msgs/msg/detail/pose__struct.hpp:134:7:[m[K [01;36m[Knote: [m[K  â€˜[01m[Kgeometry_msgs::msg::Pose[m[Kâ€™
  134 | using [01;36m[KPose[m[K =
      |       [01;36m[K^~~~[m[K
[01m[K/home/ros_ws/src/wp4_plate_measurement_demonstrator/src/ur5_scan_path_service/src/ur5_scan_path_service.cpp:138:11:[m[K [01;31m[Kerror: [m[Kâ€˜[01m[Ktf[m[Kâ€™ has not been declared
  138 |           [01;31m[Ktf[m[K::poseEigenToMsg(end_effector_state, planned_eef_pose);//pose conversion from Eigen to pose msgs
      |           [01;31m[K^~[m[K
[01m[K/home/ros_ws/src/wp4_plate_measurement_demonstrator/src/ur5_scan_path_service/src/ur5_scan_path_service.cpp:138:50:[m[K [01;31m[Kerror: [m[Kâ€˜[01m[Kplanned_eef_pose[m[Kâ€™ was not declared in this scope
  138 |           tf::poseEigenToMsg(end_effector_state, [01;31m[Kplanned_eef_pose[m[K);//pose conversion from Eigen to pose msgs
      |                                                  [01;31m[K^~~~~~~~~~~~~~~~[m[K
make[2]: *** [CMakeFiles/ur5_scan_path_service.dir/build.make:63: CMakeFiles/ur5_scan_path_service.dir/src/ur5_scan_path_service.cpp.o] Error 1
make[1]: *** [CMakeFiles/Makefile2:107: CMakeFiles/ur5_scan_path_service.dir/all] Error 2
make: *** [Makefile:141: all] Error 2
